<?xml version="1.0" encoding="UTF-8"?>
<!-- Generated by org.testng.reporters.JUnitReportReporter -->
<testsuite skipped="0" hostname="ELM-GUDAYAK" name="Tesing.Final.Testing" tests="1" failures="0" timestamp="01 Jun 2020 14:19:24 GMT" time="0.013" errors="0">
  <testcase name="getsite" time="0.013" classname="Tesing.Final.Testing"/>
</testsuite> <!-- Tesing.Final.Testing -->
