<?xml version="1.0" encoding="UTF-8"?>
<!-- Generated by org.testng.reporters.JUnitReportReporter -->
<testsuite skipped="0" hostname="ELM-GUDAYAK" name="Home.Home" tests="1" failures="0" timestamp="03 Jun 2020 16:46:38 GMT" time="5.686" errors="0">
  <testcase name="basepage" time="5.686" classname="Home.Home"/>
</testsuite> <!-- Home.Home -->
