<?xml version="1.0" encoding="UTF-8"?>
<!-- Generated by org.testng.reporters.JUnitReportReporter -->
<testsuite skipped="0" hostname="ELM-GUDAYAK" name="Home.Assertion" tests="1" failures="0" timestamp="03 Jun 2020 16:46:38 GMT" time="0.053" errors="0">
  <testcase name="basepage" time="0.053" classname="Home.Assertion"/>
</testsuite> <!-- Home.Assertion -->
