<?xml version="1.0" encoding="UTF-8"?>
<!-- Generated by org.testng.reporters.JUnitReportReporter -->
<testsuite skipped="0" hostname="ELM-GUDAYAK" name="Home.Home" tests="1" failures="0" timestamp="2020-06-02T23:08:27 IST" time="3.937" errors="0">
  <testcase name="basepage" time="3.937" classname="Home.Home"/>
  <system-out/>
</testsuite> <!-- Home.Home -->
