<?xml version="1.0" encoding="UTF-8"?>
<!-- Generated by org.testng.reporters.JUnitReportReporter -->
<testsuite skipped="0" hostname="ELM-GUDAYAK" name="Home.Assertion" tests="1" failures="0" timestamp="2020-06-02T23:08:27 IST" time="0.059" errors="0">
  <testcase name="basepage" time="0.059" classname="Home.Assertion"/>
  <system-out/>
</testsuite> <!-- Home.Assertion -->
